#
# A fatal error has been detected by the Java Runtime Environment:
#
#  EXCEPTION_ACCESS_VIOLATION (0xc0000005) at pc=0x00007ffbcbcb38dc, pid=3436, tid=1936
#
# JRE version: OpenJDK Runtime Environment Temurin-17.0.7+7 (17.0.7+7) (build 17.0.7+7)
# Java VM: OpenJDK 64-Bit Server VM Temurin-17.0.7+7 (17.0.7+7, mixed mode, tiered, compressed oops, compressed class ptrs, parallel gc, windows-amd64)
# Problematic frame:
# V  [jvm.dll+0x6c38dc]
#
# No core dump will be written. Minidumps are not enabled by default on client versions of Windows
#
# If you would like to submit a bug report, please visit:
#   https://github.com/adoptium/adoptium-support/issues
#

---------------  S U M M A R Y ------------

Command Line: --add-modules=ALL-SYSTEM --add-opens=java.base/java.util=ALL-UNNAMED --add-opens=java.base/java.lang=ALL-UNNAMED --add-opens=java.base/sun.nio.fs=ALL-UNNAMED -Declipse.application=org.eclipse.jdt.ls.core.id1 -Dosgi.bundles.defaultStartLevel=4 -Declipse.product=org.eclipse.jdt.ls.core.product -Djava.import.generatesMetadataFilesAtProjectRoot=false -Dfile.encoding=utf8 -XX:+UseParallelGC -XX:GCTimeRatio=4 -XX:AdaptiveSizePolicyWeight=90 -Dsun.zip.disableMemoryMapping=true -Xmx1G -Xms100m -Xlog:disable -javaagent:c:\Users\vinncett A\.vscode\extensions\redhat.java-1.21.0-win32-x64\lombok\lombok-1.18.28.jar -XX:+HeapDumpOnOutOfMemoryError -XX:HeapDumpPath=c:\Users\vinncett A\AppData\Roaming\Code\User\workspaceStorage\2dba8426623bdea2f7c74fd73537c769\redhat.java -Daether.dependencyCollector.impl=bf c:\Users\vinncett A\.vscode\extensions\redhat.java-1.21.0-win32-x64\server\plugins\org.eclipse.equinox.launcher_1.6.500.v20230717-2134.jar -configuration c:\Users\vinncett A\AppData\Roaming\Code\User\globalStorage\redhat.java\1.21.0\config_win -data c:\Users\vinncett A\AppData\Roaming\Code\User\workspaceStorage\2dba8426623bdea2f7c74fd73537c769\redhat.java\jdt_ws

Host: AMD Ryzen 5 3600 6-Core Processor              , 12 cores, 15G,  Windows 11 , 64 bit Build 22621 (10.0.22621.2070)
Time: Tue Sep  5 23:50:41 2023 Hora oficial do Brasil elapsed time: 2744.523407 seconds (0d 0h 45m 44s)

---------------  T H R E A D  ---------------

Current thread (0x000002d37e82a8b0):  JavaThread "C2 CompilerThread0" daemon [_thread_in_native, id=1936, stack(0x000000d5a3b00000,0x000000d5a3c00000)]


Current CompileTask:
C2:2744523 30846  s!   4       org.eclipse.jdt.core.dom.DefaultBindingResolver::resolveName (1727 bytes)

Stack: [0x000000d5a3b00000,0x000000d5a3c00000],  sp=0x000000d5a3bfb590,  free space=1005k
Native frames: (J=compiled Java code, j=interpreted, Vv=VM code, C=native code)
V  [jvm.dll+0x6c38dc]
V  [jvm.dll+0x1bcb3b]
V  [jvm.dll+0x219799]
V  [jvm.dll+0x218a61]
V  [jvm.dll+0x1a4d8d]
V  [jvm.dll+0x2284da]
V  [jvm.dll+0x226615]
V  [jvm.dll+0x7ea90b]
V  [jvm.dll+0x7e4e7a]
V  [jvm.dll+0x676395]
C  [ucrtbase.dll+0x29363]
C  [KERNEL32.DLL+0x126ad]
C  [ntdll.dll+0x5aa68]


siginfo: EXCEPTION_ACCESS_VIOLATION (0xc0000005), reading address 0x000002d3b164904c


Register to memory mapping:

RIP=0x00007ffbcbcb38dc jvm.dll
RAX=0x000002d31fa2ba90 points into unknown readable memory: 0x0000000000000000 | 00 00 00 00 00 00 00 00
RBX=0x0 is NULL
RCX=0x000002d3114a95a0 points into unknown readable memory: 0x736570795470756f | 6f 75 70 54 79 70 65 73
RDX=0x000000002470756f is an unknown value
RSP=0x000000d5a3bfb590 is pointing into the stack for thread: 0x000002d37e82a8b0
RBP=0x000000d5a3bfb690 is pointing into the stack for thread: 0x000002d37e82a8b0
RSI=0x000002d313e460a8 points into unknown readable memory: 0x00007ffbcbf8ac90 | 90 ac f8 cb fb 7f 00 00
RDI=0x0 is NULL
R8 =0x0 is NULL
R9 =0x0 is NULL
R10=0x00000000000000cb is an unknown value
R11=0x00000000000000cb is an unknown value
R12=0x000000000000002d is an unknown value
R13=0x000000000000002d is an unknown value
R14=0x0000000000000001 is an unknown value
R15=0x000000d5a3bfbe00 is pointing into the stack for thread: 0x000002d37e82a8b0


Registers:
RAX=0x000002d31fa2ba90, RBX=0x0000000000000000, RCX=0x000002d3114a95a0, RDX=0x000000002470756f
RSP=0x000000d5a3bfb590, RBP=0x000000d5a3bfb690, RSI=0x000002d313e460a8, RDI=0x0000000000000000
R8 =0x0000000000000000, R9 =0x0000000000000000, R10=0x00000000000000cb, R11=0x00000000000000cb
R12=0x000000000000002d, R13=0x000000000000002d, R14=0x0000000000000001, R15=0x000000d5a3bfbe00
RIP=0x00007ffbcbcb38dc, EFLAGS=0x0000000000010287

Top of Stack: (sp=0x000000d5a3bfb590)
0x000000d5a3bfb590:   00007ffbcc0ec640 000000d5a3bfb690
0x000000d5a3bfb5a0:   000000d5a3bfbe00 000002d3202652a0
0x000000d5a3bfb5b0:   000002d300001a8a 000002d310d81f80
0x000000d5a3bfb5c0:   000002d3130b7660 000000d5a3bfb710
0x000000d5a3bfb5d0:   000002d30000000d 000000d5a3bfb820
0x000000d5a3bfb5e0:   0000000000000009 0000000000000001
0x000000d5a3bfb5f0:   000000d50000003b 000002d310cefba0
0x000000d5a3bfb600:   0000002d000000cb 00007ffb00000c9e
0x000000d5a3bfb610:   0000000000000000 000002d313e460a8
0x000000d5a3bfb620:   00007ffb0000003b 000002d310d81120
0x000000d5a3bfb630:   000005a300000000 000002d310d81780
0x000000d5a3bfb640:   000002d3130b7660 0000000000000000
0x000000d5a3bfb650:   000002d3130bffc0 000002d3130b3de0
0x000000d5a3bfb660:   000002d313a6afa0 000002d320262960
0x000000d5a3bfb670:   0000000000000000 000002d3130bbdd0
0x000000d5a3bfb680:   000000000000003a 0000000000000004 

Instructions: (pc=0x00007ffbcbcb38dc)
0x00007ffbcbcb37dc:   ff 4c 8b 4e 08 49 8b 0c d9 48 85 c9 74 2c 4c 8b
0x00007ffbcbcb37ec:   41 10 4d 85 c0 74 23 8b 41 20 49 8d 14 c0 66 0f
0x00007ffbcbcb37fc:   1f 44 00 00 48 39 72 f8 48 8d 52 f8 75 f6 ff c8
0x00007ffbcbcb380c:   89 41 20 49 8b 0c c0 48 89 0a 48 8b 45 f8 33 f6
0x00007ffbcbcb381c:   65 48 8b 14 25 58 00 00 00 b9 50 00 00 00 49 89
0x00007ffbcbcb382c:   34 d9 48 8b 04 c2 40 38 34 01 75 05 e8 43 b7 1c
0x00007ffbcbcb383c:   00 41 8b d6 49 8d 4d 10 e8 07 26 f9 ff 41 ff 4d
0x00007ffbcbcb384c:   28 41 ff ce 41 ff 4d 70 41 ff 4d 78 41 ff c6 e9
0x00007ffbcbcb385c:   31 fb ff ff 8b 46 2c 83 e0 7f 3c 4a 0f 84 89 02
0x00007ffbcbcb386c:   00 00 48 8b 06 48 8b ce ff 90 88 00 00 00 48 89
0x00007ffbcbcb387c:   45 80 48 8b f8 48 85 c0 74 0b 48 8b c8 e8 f2 86
0x00007ffbcbcb388c:   ae ff 44 8b e0 8b 4d 90 41 bd 01 00 00 00 44 89
0x00007ffbcbcb389c:   64 24 60 44 89 6c 24 74 8d 41 ff 89 45 f0 41 3b
0x00007ffbcbcb38ac:   cd 0f 86 3c 02 00 00 44 3b e8 76 0e 41 8b c5 41
0x00007ffbcbcb38bc:   2b c4 a8 01 0f 84 14 02 00 00 48 8b 46 08 45 8b
0x00007ffbcbcb38cc:   e5 4a 8b 0c e0 49 8b 87 08 01 00 00 48 63 51 28
0x00007ffbcbcb38dc:   8b 0c 90 41 3b 8f e0 00 00 00 0f 83 e9 01 00 00
0x00007ffbcbcb38ec:   49 8b 47 70 8b d1 48 69 d9 b0 00 00 00 48 8b 48
0x00007ffbcbcb38fc:   20 48 89 5d b8 81 7c 19 30 2f 75 00 00 0f 8c c6
0x00007ffbcbcb390c:   01 00 00 48 8b 45 e8 8b 34 90 48 8b 45 98 44 8b
0x00007ffbcbcb391c:   fe 89 74 24 78 48 89 75 20 4c 8b 34 f0 48 85 ff
0x00007ffbcbcb392c:   0f 84 9e 02 00 00 8b 4f 14 41 3b cd 77 12 44 3b
0x00007ffbcbcb393c:   6f 18 73 0c 41 8b c5 2b c1 83 e0 01 84 c0 74 1c
0x00007ffbcbcb394c:   48 8b 0f 48 85 c9 0f 84 78 02 00 00 41 8b d5 e8
0x00007ffbcbcb395c:   20 a5 b3 ff 84 c0 0f 84 68 02 00 00 48 8b 85 10
0x00007ffbcbcb396c:   03 00 00 49 8b ce 4c 8b 7c 24 68 49 8b d7 4c 8b
0x00007ffbcbcb397c:   40 10 e8 8d 18 00 00 48 8b f0 48 85 c0 0f 84 bf
0x00007ffbcbcb398c:   12 00 00 4c 8b 85 10 03 00 00 49 8b 58 10 8b 83
0x00007ffbcbcb399c:   40 02 00 00 2b 83 68 02 00 00 03 05 4c cb 43 00
0x00007ffbcbcb39ac:   3b 43 68 0f 87 74 12 00 00 48 63 7e 28 49 8d 98
0x00007ffbcbcb39bc:   00 01 00 00 8b 13 3b fa 7c 52 3b 7b 04 7c 13 8b
0x00007ffbcbcb39cc:   d7 48 8b cb e8 bb 5b 9f ff 8b 13 4c 8b 85 10 03 


Stack slot to memory mapping:
stack at sp + 0 slots: 0x00007ffbcc0ec640 jvm.dll
stack at sp + 1 slots: 0x000000d5a3bfb690 is pointing into the stack for thread: 0x000002d37e82a8b0
stack at sp + 2 slots: 0x000000d5a3bfbe00 is pointing into the stack for thread: 0x000002d37e82a8b0
stack at sp + 3 slots: 0x000002d3202652a0 points into unknown readable memory: 0x3f1899f9b4ae9a24 | 24 9a ae b4 f9 99 18 3f
stack at sp + 4 slots: 0x000002d300001a8a is at entry_point+778 in (nmethod*)0x000002d300001590
stack at sp + 5 slots: 0x000002d310d81f80 points into unknown readable memory: 0x000002d30f384508 | 08 45 38 0f d3 02 00 00
stack at sp + 6 slots: 0x000002d3130b7660 points into unknown readable memory: 0x0000000000000000 | 00 00 00 00 00 00 00 00
stack at sp + 7 slots: 0x000000d5a3bfb710 is pointing into the stack for thread: 0x000002d37e82a8b0


---------------  P R O C E S S  ---------------

Threads class SMR info:
_java_thread_list=0x000002d31391db30, length=45, elements={
0x000002d37468e4d0, 0x000002d37e7e7030, 0x000002d37950df30, 0x000002d37e801bc0,
0x000002d37e802c20, 0x000002d37e8036e0, 0x000002d37e8257d0, 0x000002d37e82a8b0,
0x000002d37e82b260, 0x000002d37e82cae0, 0x000002d37e8e34e0, 0x000002d37eaca4e0,
0x000002d30f80a830, 0x000002d30f9a5860, 0x000002d30f9a5d30, 0x000002d30f7873b0,
0x000002d30fbfa260, 0x000002d30fc397c0, 0x000002d30fc3afd0, 0x000002d30fc3a160,
0x000002d30fc3b970, 0x000002d30fc39c90, 0x000002d31238f0e0, 0x000002d313542b80,
0x000002d3135426b0, 0x000002d31353bcd0, 0x000002d31353c670, 0x000002d31353e350,
0x000002d313540500, 0x000002d3135409d0, 0x000002d31238d8d0, 0x000002d31238b720,
0x000002d31353f1c0, 0x000002d313540ea0, 0x000002d31425fcd0, 0x000002d31425ee60,
0x000002d31425b4a0, 0x000002d3142592f0, 0x000002d31238e740, 0x000002d31238ff50,
0x000002d31425a160, 0x000002d31353cb40, 0x000002d312392aa0, 0x000002d30fc392f0,
0x000002d311254ed0
}

Java Threads: ( => current thread )
  0x000002d37468e4d0 JavaThread "main" [_thread_blocked, id=12492, stack(0x000000d5a3200000,0x000000d5a3300000)]
  0x000002d37e7e7030 JavaThread "Reference Handler" daemon [_thread_blocked, id=13120, stack(0x000000d5a3500000,0x000000d5a3600000)]
  0x000002d37950df30 JavaThread "Finalizer" daemon [_thread_blocked, id=1608, stack(0x000000d5a3600000,0x000000d5a3700000)]
  0x000002d37e801bc0 JavaThread "Signal Dispatcher" daemon [_thread_blocked, id=7376, stack(0x000000d5a3700000,0x000000d5a3800000)]
  0x000002d37e802c20 JavaThread "Attach Listener" daemon [_thread_blocked, id=7204, stack(0x000000d5a3800000,0x000000d5a3900000)]
  0x000002d37e8036e0 JavaThread "Service Thread" daemon [_thread_blocked, id=13224, stack(0x000000d5a3900000,0x000000d5a3a00000)]
  0x000002d37e8257d0 JavaThread "Monitor Deflation Thread" daemon [_thread_blocked, id=10404, stack(0x000000d5a3a00000,0x000000d5a3b00000)]
=>0x000002d37e82a8b0 JavaThread "C2 CompilerThread0" daemon [_thread_in_native, id=1936, stack(0x000000d5a3b00000,0x000000d5a3c00000)]
  0x000002d37e82b260 JavaThread "C1 CompilerThread0" daemon [_thread_blocked, id=15660, stack(0x000000d5a3c00000,0x000000d5a3d00000)]
  0x000002d37e82cae0 JavaThread "Sweeper thread" daemon [_thread_blocked, id=4016, stack(0x000000d5a3d00000,0x000000d5a3e00000)]
  0x000002d37e8e34e0 JavaThread "Common-Cleaner" daemon [_thread_blocked, id=4296, stack(0x000000d5a3e00000,0x000000d5a3f00000)]
  0x000002d37eaca4e0 JavaThread "Notification Thread" daemon [_thread_blocked, id=7452, stack(0x000000d5a4000000,0x000000d5a4100000)]
  0x000002d30f80a830 JavaThread "Active Thread: Equinox Container: da03358b-5c6c-4a82-ae8c-654220a34c1a" [_thread_blocked, id=14732, stack(0x000000d5a4900000,0x000000d5a4a00000)]
  0x000002d30f9a5860 JavaThread "Framework Event Dispatcher: Equinox Container: da03358b-5c6c-4a82-ae8c-654220a34c1a" daemon [_thread_blocked, id=14348, stack(0x000000d5a3f00000,0x000000d5a4000000)]
  0x000002d30f9a5d30 JavaThread "Start Level: Equinox Container: da03358b-5c6c-4a82-ae8c-654220a34c1a" daemon [_thread_blocked, id=13892, stack(0x000000d5a4200000,0x000000d5a4300000)]
  0x000002d30f7873b0 JavaThread "SCR Component Actor" daemon [_thread_blocked, id=15208, stack(0x000000d5a4a00000,0x000000d5a4b00000)]
  0x000002d30fbfa260 JavaThread "Worker-JM" [_thread_blocked, id=11492, stack(0x000000d5a4d00000,0x000000d5a4e00000)]
  0x000002d30fc397c0 JavaThread "Java indexing" daemon [_thread_blocked, id=10820, stack(0x000000d5a5400000,0x000000d5a5500000)]
  0x000002d30fc3afd0 JavaThread "JNA Cleaner" daemon [_thread_blocked, id=16304, stack(0x000000d5a5500000,0x000000d5a5600000)]
  0x000002d30fc3a160 JavaThread "pool-2-thread-1" [_thread_blocked, id=5664, stack(0x000000d5a5300000,0x000000d5a5400000)]
  0x000002d30fc3b970 JavaThread "WorkspaceEventsHandler" [_thread_blocked, id=12356, stack(0x000000d5a5800000,0x000000d5a5900000)]
  0x000002d30fc39c90 JavaThread "pool-1-thread-1" [_thread_in_native, id=13944, stack(0x000000d5a5900000,0x000000d5a5a00000)]
  0x000002d31238f0e0 JavaThread "Bundle File Closer" daemon [_thread_blocked, id=9176, stack(0x000000d5a5f00000,0x000000d5a6000000)]
  0x000002d313542b80 JavaThread "ForkJoinPool.commonPool-worker-13" daemon [_thread_blocked, id=12756, stack(0x000000d5a3000000,0x000000d5a3100000)]
  0x000002d3135426b0 JavaThread "ForkJoinPool.commonPool-worker-14" daemon [_thread_blocked, id=8132, stack(0x000000d5a3100000,0x000000d5a3200000)]
  0x000002d31353bcd0 JavaThread "ForkJoinPool.commonPool-worker-15" daemon [_thread_blocked, id=10932, stack(0x000000d5a4c00000,0x000000d5a4d00000)]
  0x000002d31353c670 JavaThread "ForkJoinPool.commonPool-worker-17" daemon [_thread_blocked, id=7332, stack(0x000000d5a5600000,0x000000d5a5700000)]
  0x000002d31353e350 JavaThread "ForkJoinPool.commonPool-worker-18" daemon [_thread_blocked, id=12168, stack(0x000000d5a5700000,0x000000d5a5800000)]
  0x000002d313540500 JavaThread "ForkJoinPool.commonPool-worker-19" daemon [_thread_blocked, id=3052, stack(0x000000d5a5c00000,0x000000d5a5d00000)]
  0x000002d3135409d0 JavaThread "ForkJoinPool.commonPool-worker-20" daemon [_thread_blocked, id=11568, stack(0x000000d5a5e00000,0x000000d5a5f00000)]
  0x000002d31238d8d0 JavaThread "ForkJoinPool.commonPool-worker-21" daemon [_thread_blocked, id=16148, stack(0x000000d5a6000000,0x000000d5a6100000)]
  0x000002d31238b720 JavaThread "Java Debug Server" daemon [_thread_in_native, id=6028, stack(0x000000d5a6200000,0x000000d5a6300000)]
  0x000002d31353f1c0 JavaThread "RxSchedulerPurge-1" daemon [_thread_blocked, id=15040, stack(0x000000d5a6500000,0x000000d5a6600000)]
  0x000002d313540ea0 JavaThread "RxCachedWorkerPoolEvictor-1" daemon [_thread_blocked, id=16040, stack(0x000000d5a6600000,0x000000d5a6700000)]
  0x000002d31425fcd0 JavaThread "Worker-13" [_thread_blocked, id=2824, stack(0x000000d5a6300000,0x000000d5a6400000)]
  0x000002d31425ee60 JavaThread "Worker-17: Shutdown..." [_thread_in_native, id=10184, stack(0x000000d5a5b00000,0x000000d5a5c00000)]
  0x000002d31425b4a0 JavaThread "ForkJoinPool.commonPool-worker-24" daemon [_thread_blocked, id=1344, stack(0x000000d5a5d00000,0x000000d5a5e00000)]
  0x000002d3142592f0 JavaThread "ForkJoinPool.commonPool-worker-25" daemon [_thread_blocked, id=16336, stack(0x000000d5a5000000,0x000000d5a5100000)]
  0x000002d31238e740 JavaThread "ForkJoinPool.commonPool-worker-26" daemon [_thread_blocked, id=11724, stack(0x000000d5a2f00000,0x000000d5a3000000)]
  0x000002d31238ff50 JavaThread "Worker-20" [_thread_blocked, id=10400, stack(0x000000d5a5100000,0x000000d5a5200000)]
  0x000002d31425a160 JavaThread "Worker-21" [_thread_blocked, id=10044, stack(0x000000d5a5a00000,0x000000d5a5b00000)]
  0x000002d31353cb40 JavaThread "Worker-22" [_thread_blocked, id=11704, stack(0x000000d5a6400000,0x000000d5a6500000)]
  0x000002d312392aa0 JavaThread "Worker-23" [_thread_blocked, id=3992, stack(0x000000d5a6800000,0x000000d5a6900000)]
  0x000002d30fc392f0 JavaThread "pool-1-thread-7" [_thread_blocked, id=10636, stack(0x000000d5a6100000,0x000000d5a6200000)]
  0x000002d311254ed0 JavaThread "Worker-24" [_thread_blocked, id=12404, stack(0x000000d5a6700000,0x000000d5a6800000)]

Other Threads:
  0x000002d374716240 VMThread "VM Thread" [stack: 0x000000d5a3400000,0x000000d5a3500000] [id=13836]
  0x000002d37eb3b880 WatcherThread [stack: 0x000000d5a4100000,0x000000d5a4200000] [id=1660]
  0x000002d3746a3450 GCTaskThread "GC Thread#0" [stack: 0x000000d5a3300000,0x000000d5a3400000] [id=3040]
  0x000002d30f7bde20 GCTaskThread "GC Thread#1" [stack: 0x000000d5a4300000,0x000000d5a4400000] [id=12620]
  0x000002d30f823440 GCTaskThread "GC Thread#2" [stack: 0x000000d5a4400000,0x000000d5a4500000] [id=14612]
  0x000002d30f83f430 GCTaskThread "GC Thread#3" [stack: 0x000000d5a4500000,0x000000d5a4600000] [id=13456]
  0x000002d30f7fe570 GCTaskThread "GC Thread#4" [stack: 0x000000d5a4600000,0x000000d5a4700000] [id=8388]
  0x000002d30f7fec30 GCTaskThread "GC Thread#5" [stack: 0x000000d5a4700000,0x000000d5a4800000] [id=7092]
  0x000002d30f514030 GCTaskThread "GC Thread#6" [stack: 0x000000d5a4800000,0x000000d5a4900000] [id=15848]
  0x000002d30f730050 GCTaskThread "GC Thread#7" [stack: 0x000000d5a4b00000,0x000000d5a4c00000] [id=8712]
  0x000002d30fb11230 GCTaskThread "GC Thread#8" [stack: 0x000000d5a4e00000,0x000000d5a4f00000] [id=11220]
  0x000002d30fb10890 GCTaskThread "GC Thread#9" [stack: 0x000000d5a4f00000,0x000000d5a5000000] [id=13188]

Threads with active compile tasks:
C2 CompilerThread0  2744552 30846  s!   4       org.eclipse.jdt.core.dom.DefaultBindingResolver::resolveName (1727 bytes)

VM state: not at safepoint (normal execution)

VM Mutex/Monitor currently owned by a thread: None

Heap address: 0x00000000c0000000, size: 1024 MB, Compressed Oops mode: 32-bit

CDS archive(s) not mapped
Compressed class space mapped at: 0x0000000100000000-0x0000000140000000, reserved size: 1073741824
Narrow klass base: 0x0000000000000000, Narrow klass shift: 3, Narrow klass range: 0x140000000

GC Precious Log:
 CPUs: 12 total, 12 available
 Memory: 16286M
 Large Page Support: Disabled
 NUMA Support: Disabled
 Compressed Oops: Enabled (32-bit)
 Alignments: Space 512K, Generation 512K, Heap 2M
 Heap Min Capacity: 100M
 Heap Initial Capacity: 100M
 Heap Max Capacity: 1G
 Pre-touch: Disabled
 Parallel Workers: 10

Heap:
 PSYoungGen      total 4096K, used 3046K [0x00000000eab00000, 0x00000000eb100000, 0x0000000100000000)
  eden space 3584K, 72% used [0x00000000eab00000,0x00000000ead89a00,0x00000000eae80000)
  from space 512K, 87% used [0x00000000eb080000,0x00000000eb0f0000,0x00000000eb100000)
  to   space 512K, 0% used [0x00000000eb000000,0x00000000eb000000,0x00000000eb080000)
 ParOldGen       total 182272K, used 171616K [0x00000000c0000000, 0x00000000cb200000, 0x00000000eab00000)
  object space 182272K, 94% used [0x00000000c0000000,0x00000000ca798310,0x00000000cb200000)
 Metaspace       used 104137K, committed 105728K, reserved 1179648K
  class space    used 10409K, committed 11136K, reserved 1048576K

Card table byte_map: [0x000002d374030000,0x000002d374240000] _byte_map_base: 0x000002d373a30000

Marking Bits: (ParMarkBitMap*) 0x00007ffbcc1752c0
 Begin Bits: [0x000002d377310000, 0x000002d378310000)
 End Bits:   [0x000002d378310000, 0x000002d379310000)

Polling page: 0x000002d3725b0000

Metaspace:

Usage:
  Non-class:     91.53 MB used.
      Class:     10.17 MB used.
       Both:    101.70 MB used.

Virtual space:
  Non-class space:      128.00 MB reserved,      92.38 MB ( 72%) committed,  2 nodes.
      Class space:        1.00 GB reserved,      10.88 MB (  1%) committed,  1 nodes.
             Both:        1.12 GB reserved,     103.25 MB (  9%) committed. 

Chunk freelists:
   Non-Class:  3.16 MB
       Class:  4.99 MB
        Both:  8.15 MB

MaxMetaspaceSize: unlimited
CompressedClassSpaceSize: 1.00 GB
Initial GC threshold: 21.00 MB
Current GC threshold: 172.00 MB
CDS: off
MetaspaceReclaimPolicy: balanced
 - commit_granule_bytes: 65536.
 - commit_granule_words: 8192.
 - virtual_space_node_default_size: 8388608.
 - enlarge_chunks_in_place: 1.
 - new_chunks_are_fully_committed: 0.
 - uncommit_free_chunks: 1.
 - use_allocation_guard: 0.
 - handle_deallocations: 1.


Internal statistics:

num_allocs_failed_limit: 9.
num_arena_births: 1348.
num_arena_deaths: 370.
num_vsnodes_births: 3.
num_vsnodes_deaths: 0.
num_space_committed: 1652.
num_space_uncommitted: 0.
num_chunks_returned_to_freelist: 435.
num_chunks_taken_from_freelist: 6086.
num_chunk_merges: 154.
num_chunk_splits: 3570.
num_chunks_enlarged: 1918.
num_inconsistent_stats: 0.

CodeHeap 'non-profiled nmethods': size=120000Kb used=27876Kb max_used=27876Kb free=92123Kb
 bounds [0x000002d307ad0000, 0x000002d309670000, 0x000002d30f000000]
CodeHeap 'profiled nmethods': size=120000Kb used=44913Kb max_used=45606Kb free=75086Kb
 bounds [0x000002d300000000, 0x000002d302cb0000, 0x000002d307530000]
CodeHeap 'non-nmethods': size=5760Kb used=1457Kb max_used=1529Kb free=4302Kb
 bounds [0x000002d307530000, 0x000002d3077a0000, 0x000002d307ad0000]
 total_blobs=22369 nmethods=21557 adapters=718
 compilation: enabled
              stopped_count=0, restarted_count=0
 full_count=0

Compilation events (20 events):
Event: 2741.855 Thread 0x000002d37e82a8b0 nmethod 30836 0x000002d308caa890 code [0x000002d308caaa00, 0x000002d308caaa98]
Event: 2742.207 Thread 0x000002d37e82b260 30837       3       org.eclipse.jdt.internal.corext.dom.Bindings::findTypeInHierarchy (118 bytes)
Event: 2742.208 Thread 0x000002d37e82b260 nmethod 30837 0x000002d301842810 code [0x000002d301842a60, 0x000002d301843368]
Event: 2742.208 Thread 0x000002d37e82a8b0 30838       4       org.eclipse.jdt.internal.corext.fix.VariableDeclarationFixCore::canAddFinal (147 bytes)
Event: 2742.211 Thread 0x000002d37e82a8b0 nmethod 30838 0x000002d3093a9c90 code [0x000002d3093a9e40, 0x000002d3093aa098]
Event: 2742.415 Thread 0x000002d37e82a8b0 30839       4       org.eclipse.jdt.internal.compiler.parser.Parser::isAFieldDeclarationInRecord (199 bytes)
Event: 2742.416 Thread 0x000002d37e82a8b0 nmethod 30839 0x000002d3085bbf10 code [0x000002d3085bc0a0, 0x000002d3085bc218]
Event: 2742.799 Thread 0x000002d37e82a8b0 30840       4       java.lang.ThreadLocal$ThreadLocalMap::resize (139 bytes)
Event: 2742.802 Thread 0x000002d37e82a8b0 nmethod 30840 0x000002d3085bb710 code [0x000002d3085bb8a0, 0x000002d3085bbc58]
Event: 2743.193 Thread 0x000002d37e82a8b0 30841   !   4       jdk.internal.reflect.GeneratedConstructorAccessor17::newInstance (49 bytes)
Event: 2743.194 Thread 0x000002d37e82a8b0 nmethod 30841 0x000002d3085bb290 code [0x000002d3085bb420, 0x000002d3085bb558]
Event: 2743.198 Thread 0x000002d37e82a8b0 30842       4       org.eclipse.jdt.internal.codeassist.impl.AssistParser::pushOnElementStack (8 bytes)
Event: 2743.199 Thread 0x000002d37e82a8b0 nmethod 30842 0x000002d308d25590 code [0x000002d308d25720, 0x000002d308d258b8]
Event: 2743.208 Thread 0x000002d37e82b260 30843       3       org.eclipse.jdt.ls.core.internal.corext.refactoring.code.ExtractFieldRefactoring::<init> (99 bytes)
Event: 2743.209 Thread 0x000002d37e82b260 nmethod 30843 0x000002d301934190 code [0x000002d301934420, 0x000002d301935078]
Event: 2743.485 Thread 0x000002d37e82b260 30844  s    3       org.eclipse.jdt.core.dom.DefaultBindingResolver::resolveVariable (152 bytes)
Event: 2743.485 Thread 0x000002d37e82b260 nmethod 30844 0x000002d300fe7910 code [0x000002d300fe7b80, 0x000002d300fe89e8]
Event: 2743.744 Thread 0x000002d37e82b260 30845       3       org.eclipse.jdt.internal.corext.fix.VariableDeclarationFixCore$VariableDeclarationFinder::handleFragments (164 bytes)
Event: 2743.745 Thread 0x000002d37e82b260 nmethod 30845 0x000002d301905690 code [0x000002d3019059c0, 0x000002d301907218]
Event: 2744.420 Thread 0x000002d37e82a8b0 30846  s!   4       org.eclipse.jdt.core.dom.DefaultBindingResolver::resolveName (1727 bytes)

GC Heap History (20 events):
Event: 2744.399 GC heap before
{Heap before GC invocations=9081 (full 220):
 PSYoungGen      total 5632K, used 4192K [0x00000000eab00000, 0x00000000eb300000, 0x0000000100000000)
  eden space 3584K, 100% used [0x00000000eab00000,0x00000000eae80000,0x00000000eae80000)
  from space 2048K, 29% used [0x00000000eaf80000,0x00000000eb018000,0x00000000eb180000)
  to   space 1024K, 0% used [0x00000000eb200000,0x00000000eb200000,0x00000000eb300000)
 ParOldGen       total 182272K, used 166821K [0x00000000c0000000, 0x00000000cb200000, 0x00000000eab00000)
  object space 182272K, 91% used [0x00000000c0000000,0x00000000ca2e97f0,0x00000000cb200000)
 Metaspace       used 104108K, committed 105664K, reserved 1179648K
  class space    used 10402K, committed 11136K, reserved 1048576K
}
Event: 2744.400 GC heap after
{Heap after GC invocations=9081 (full 220):
 PSYoungGen      total 4096K, used 416K [0x00000000eab00000, 0x00000000eb280000, 0x0000000100000000)
  eden space 3584K, 0% used [0x00000000eab00000,0x00000000eab00000,0x00000000eae80000)
  from space 512K, 81% used [0x00000000eb200000,0x00000000eb268000,0x00000000eb280000)
  to   space 1024K, 0% used [0x00000000eb080000,0x00000000eb080000,0x00000000eb180000)
 ParOldGen       total 182272K, used 167294K [0x00000000c0000000, 0x00000000cb200000, 0x00000000eab00000)
  object space 182272K, 91% used [0x00000000c0000000,0x00000000ca35f810,0x00000000cb200000)
 Metaspace       used 104108K, committed 105664K, reserved 1179648K
  class space    used 10402K, committed 11136K, reserved 1048576K
}
Event: 2744.407 GC heap before
{Heap before GC invocations=9082 (full 220):
 PSYoungGen      total 4096K, used 4000K [0x00000000eab00000, 0x00000000eb280000, 0x0000000100000000)
  eden space 3584K, 100% used [0x00000000eab00000,0x00000000eae80000,0x00000000eae80000)
  from space 512K, 81% used [0x00000000eb200000,0x00000000eb268000,0x00000000eb280000)
  to   space 1024K, 0% used [0x00000000eb080000,0x00000000eb080000,0x00000000eb180000)
 ParOldGen       total 182272K, used 167294K [0x00000000c0000000, 0x00000000cb200000, 0x00000000eab00000)
  object space 182272K, 91% used [0x00000000c0000000,0x00000000ca35f810,0x00000000cb200000)
 Metaspace       used 104108K, committed 105664K, reserved 1179648K
  class space    used 10402K, committed 11136K, reserved 1048576K
}
Event: 2744.407 GC heap after
{Heap after GC invocations=9082 (full 220):
 PSYoungGen      total 4608K, used 660K [0x00000000eab00000, 0x00000000eb280000, 0x0000000100000000)
  eden space 3584K, 0% used [0x00000000eab00000,0x00000000eab00000,0x00000000eae80000)
  from space 1024K, 64% used [0x00000000eb080000,0x00000000eb125200,0x00000000eb180000)
  to   space 1024K, 0% used [0x00000000eb180000,0x00000000eb180000,0x00000000eb280000)
 ParOldGen       total 182272K, used 167558K [0x00000000c0000000, 0x00000000cb200000, 0x00000000eab00000)
  object space 182272K, 91% used [0x00000000c0000000,0x00000000ca3a1810,0x00000000cb200000)
 Metaspace       used 104108K, committed 105664K, reserved 1179648K
  class space    used 10402K, committed 11136K, reserved 1048576K
}
Event: 2744.412 GC heap before
{Heap before GC invocations=9083 (full 220):
 PSYoungGen      total 4608K, used 4244K [0x00000000eab00000, 0x00000000eb280000, 0x0000000100000000)
  eden space 3584K, 100% used [0x00000000eab00000,0x00000000eae80000,0x00000000eae80000)
  from space 1024K, 64% used [0x00000000eb080000,0x00000000eb125200,0x00000000eb180000)
  to   space 1024K, 0% used [0x00000000eb180000,0x00000000eb180000,0x00000000eb280000)
 ParOldGen       total 182272K, used 167558K [0x00000000c0000000, 0x00000000cb200000, 0x00000000eab00000)
  object space 182272K, 91% used [0x00000000c0000000,0x00000000ca3a1810,0x00000000cb200000)
 Metaspace       used 104108K, committed 105664K, reserved 1179648K
  class space    used 10402K, committed 11136K, reserved 1048576K
}
Event: 2744.412 GC heap after
{Heap after GC invocations=9083 (full 220):
 PSYoungGen      total 4096K, used 416K [0x00000000eab00000, 0x00000000eb200000, 0x0000000100000000)
  eden space 3584K, 0% used [0x00000000eab00000,0x00000000eab00000,0x00000000eae80000)
  from space 512K, 81% used [0x00000000eb180000,0x00000000eb1e8000,0x00000000eb200000)
  to   space 512K, 0% used [0x00000000eb100000,0x00000000eb100000,0x00000000eb180000)
 ParOldGen       total 182272K, used 168042K [0x00000000c0000000, 0x00000000cb200000, 0x00000000eab00000)
  object space 182272K, 92% used [0x00000000c0000000,0x00000000ca41aa30,0x00000000cb200000)
 Metaspace       used 104108K, committed 105664K, reserved 1179648K
  class space    used 10402K, committed 11136K, reserved 1048576K
}
Event: 2744.487 GC heap before
{Heap before GC invocations=9084 (full 220):
 PSYoungGen      total 4096K, used 4000K [0x00000000eab00000, 0x00000000eb200000, 0x0000000100000000)
  eden space 3584K, 100% used [0x00000000eab00000,0x00000000eae80000,0x00000000eae80000)
  from space 512K, 81% used [0x00000000eb180000,0x00000000eb1e8000,0x00000000eb200000)
  to   space 512K, 0% used [0x00000000eb100000,0x00000000eb100000,0x00000000eb180000)
 ParOldGen       total 182272K, used 168042K [0x00000000c0000000, 0x00000000cb200000, 0x00000000eab00000)
  object space 182272K, 92% used [0x00000000c0000000,0x00000000ca41aa30,0x00000000cb200000)
 Metaspace       used 104108K, committed 105664K, reserved 1179648K
  class space    used 10402K, committed 11136K, reserved 1048576K
}
Event: 2744.488 GC heap after
{Heap after GC invocations=9084 (full 220):
 PSYoungGen      total 4096K, used 500K [0x00000000eab00000, 0x00000000eb200000, 0x0000000100000000)
  eden space 3584K, 0% used [0x00000000eab00000,0x00000000eab00000,0x00000000eae80000)
  from space 512K, 97% used [0x00000000eb100000,0x00000000eb17d200,0x00000000eb180000)
  to   space 512K, 0% used [0x00000000eb180000,0x00000000eb180000,0x00000000eb200000)
 ParOldGen       total 182272K, used 168338K [0x00000000c0000000, 0x00000000cb200000, 0x00000000eab00000)
  object space 182272K, 92% used [0x00000000c0000000,0x00000000ca464a30,0x00000000cb200000)
 Metaspace       used 104108K, committed 105664K, reserved 1179648K
  class space    used 10402K, committed 11136K, reserved 1048576K
}
Event: 2744.492 GC heap before
{Heap before GC invocations=9085 (full 220):
 PSYoungGen      total 4096K, used 4084K [0x00000000eab00000, 0x00000000eb200000, 0x0000000100000000)
  eden space 3584K, 100% used [0x00000000eab00000,0x00000000eae80000,0x00000000eae80000)
  from space 512K, 97% used [0x00000000eb100000,0x00000000eb17d200,0x00000000eb180000)
  to   space 512K, 0% used [0x00000000eb180000,0x00000000eb180000,0x00000000eb200000)
 ParOldGen       total 182272K, used 168338K [0x00000000c0000000, 0x00000000cb200000, 0x00000000eab00000)
  object space 182272K, 92% used [0x00000000c0000000,0x00000000ca464a30,0x00000000cb200000)
 Metaspace       used 104108K, committed 105664K, reserved 1179648K
  class space    used 10402K, committed 11136K, reserved 1048576K
}
Event: 2744.492 GC heap after
{Heap after GC invocations=9085 (full 220):
 PSYoungGen      total 4096K, used 426K [0x00000000eab00000, 0x00000000eb200000, 0x0000000100000000)
  eden space 3584K, 0% used [0x00000000eab00000,0x00000000eab00000,0x00000000eae80000)
  from space 512K, 83% used [0x00000000eb180000,0x00000000eb1ea910,0x00000000eb200000)
  to   space 512K, 0% used [0x00000000eb100000,0x00000000eb100000,0x00000000eb180000)
 ParOldGen       total 182272K, used 168698K [0x00000000c0000000, 0x00000000cb200000, 0x00000000eab00000)
  object space 182272K, 92% used [0x00000000c0000000,0x00000000ca4bea30,0x00000000cb200000)
 Metaspace       used 104108K, committed 105664K, reserved 1179648K
  class space    used 10402K, committed 11136K, reserved 1048576K
}
Event: 2744.496 GC heap before
{Heap before GC invocations=9086 (full 220):
 PSYoungGen      total 4096K, used 4010K [0x00000000eab00000, 0x00000000eb200000, 0x0000000100000000)
  eden space 3584K, 100% used [0x00000000eab00000,0x00000000eae80000,0x00000000eae80000)
  from space 512K, 83% used [0x00000000eb180000,0x00000000eb1ea910,0x00000000eb200000)
  to   space 512K, 0% used [0x00000000eb100000,0x00000000eb100000,0x00000000eb180000)
 ParOldGen       total 182272K, used 168698K [0x00000000c0000000, 0x00000000cb200000, 0x00000000eab00000)
  object space 182272K, 92% used [0x00000000c0000000,0x00000000ca4bea30,0x00000000cb200000)
 Metaspace       used 104108K, committed 105664K, reserved 1179648K
  class space    used 10402K, committed 11136K, reserved 1048576K
}
Event: 2744.496 GC heap after
{Heap after GC invocations=9086 (full 220):
 PSYoungGen      total 4096K, used 448K [0x00000000eab00000, 0x00000000eb200000, 0x0000000100000000)
  eden space 3584K, 0% used [0x00000000eab00000,0x00000000eab00000,0x00000000eae80000)
  from space 512K, 87% used [0x00000000eb100000,0x00000000eb170000,0x00000000eb180000)
  to   space 512K, 0% used [0x00000000eb180000,0x00000000eb180000,0x00000000eb200000)
 ParOldGen       total 182272K, used 169043K [0x00000000c0000000, 0x00000000cb200000, 0x00000000eab00000)
  object space 182272K, 92% used [0x00000000c0000000,0x00000000ca514c78,0x00000000cb200000)
 Metaspace       used 104108K, committed 105664K, reserved 1179648K
  class space    used 10402K, committed 11136K, reserved 1048576K
}
Event: 2744.502 GC heap before
{Heap before GC invocations=9087 (full 220):
 PSYoungGen      total 4096K, used 4032K [0x00000000eab00000, 0x00000000eb200000, 0x0000000100000000)
  eden space 3584K, 100% used [0x00000000eab00000,0x00000000eae80000,0x00000000eae80000)
  from space 512K, 87% used [0x00000000eb100000,0x00000000eb170000,0x00000000eb180000)
  to   space 512K, 0% used [0x00000000eb180000,0x00000000eb180000,0x00000000eb200000)
 ParOldGen       total 182272K, used 169043K [0x00000000c0000000, 0x00000000cb200000, 0x00000000eab00000)
  object space 182272K, 92% used [0x00000000c0000000,0x00000000ca514c78,0x00000000cb200000)
 Metaspace       used 104108K, committed 105664K, reserved 1179648K
  class space    used 10402K, committed 11136K, reserved 1048576K
}
Event: 2744.502 GC heap after
{Heap after GC invocations=9087 (full 220):
 PSYoungGen      total 4096K, used 506K [0x00000000eab00000, 0x00000000eb200000, 0x0000000100000000)
  eden space 3584K, 0% used [0x00000000eab00000,0x00000000eab00000,0x00000000eae80000)
  from space 512K, 98% used [0x00000000eb180000,0x00000000eb1fe900,0x00000000eb200000)
  to   space 1024K, 0% used [0x00000000eb000000,0x00000000eb000000,0x00000000eb100000)
 ParOldGen       total 182272K, used 169371K [0x00000000c0000000, 0x00000000cb200000, 0x00000000eab00000)
  object space 182272K, 92% used [0x00000000c0000000,0x00000000ca566c78,0x00000000cb200000)
 Metaspace       used 104108K, committed 105664K, reserved 1179648K
  class space    used 10402K, committed 11136K, reserved 1048576K
}
Event: 2744.506 GC heap before
{Heap before GC invocations=9088 (full 220):
 PSYoungGen      total 4096K, used 4090K [0x00000000eab00000, 0x00000000eb200000, 0x0000000100000000)
  eden space 3584K, 100% used [0x00000000eab00000,0x00000000eae80000,0x00000000eae80000)
  from space 512K, 98% used [0x00000000eb180000,0x00000000eb1fe900,0x00000000eb200000)
  to   space 1024K, 0% used [0x00000000eb000000,0x00000000eb000000,0x00000000eb100000)
 ParOldGen       total 182272K, used 169371K [0x00000000c0000000, 0x00000000cb200000, 0x00000000eab00000)
  object space 182272K, 92% used [0x00000000c0000000,0x00000000ca566c78,0x00000000cb200000)
 Metaspace       used 104108K, committed 105664K, reserved 1179648K
  class space    used 10402K, committed 11136K, reserved 1048576K
}
Event: 2744.507 GC heap after
{Heap after GC invocations=9088 (full 220):
 PSYoungGen      total 4608K, used 512K [0x00000000eab00000, 0x00000000eb200000, 0x0000000100000000)
  eden space 3584K, 0% used [0x00000000eab00000,0x00000000eab00000,0x00000000eae80000)
  from space 1024K, 50% used [0x00000000eb000000,0x00000000eb080000,0x00000000eb100000)
  to   space 1024K, 0% used [0x00000000eb100000,0x00000000eb100000,0x00000000eb200000)
 ParOldGen       total 182272K, used 169847K [0x00000000c0000000, 0x00000000cb200000, 0x00000000eab00000)
  object space 182272K, 93% used [0x00000000c0000000,0x00000000ca5ddf10,0x00000000cb200000)
 Metaspace       used 104108K, committed 105664K, reserved 1179648K
  class space    used 10402K, committed 11136K, reserved 1048576K
}
Event: 2744.511 GC heap before
{Heap before GC invocations=9089 (full 220):
 PSYoungGen      total 4608K, used 4096K [0x00000000eab00000, 0x00000000eb200000, 0x0000000100000000)
  eden space 3584K, 100% used [0x00000000eab00000,0x00000000eae80000,0x00000000eae80000)
  from space 1024K, 50% used [0x00000000eb000000,0x00000000eb080000,0x00000000eb100000)
  to   space 1024K, 0% used [0x00000000eb100000,0x00000000eb100000,0x00000000eb200000)
 ParOldGen       total 182272K, used 169847K [0x00000000c0000000, 0x00000000cb200000, 0x00000000eab00000)
  object space 182272K, 93% used [0x00000000c0000000,0x00000000ca5ddf10,0x00000000cb200000)
 Metaspace       used 104108K, committed 105664K, reserved 1179648K
  class space    used 10402K, committed 11136K, reserved 1048576K
}
Event: 2744.512 GC heap after
{Heap after GC invocations=9089 (full 220):
 PSYoungGen      total 4608K, used 544K [0x00000000eab00000, 0x00000000eb200000, 0x0000000100000000)
  eden space 3584K, 0% used [0x00000000eab00000,0x00000000eab00000,0x00000000eae80000)
  from space 1024K, 53% used [0x00000000eb100000,0x00000000eb188000,0x00000000eb200000)
  to   space 1024K, 0% used [0x00000000eb000000,0x00000000eb000000,0x00000000eb100000)
 ParOldGen       total 182272K, used 170191K [0x00000000c0000000, 0x00000000cb200000, 0x00000000eab00000)
  object space 182272K, 93% used [0x00000000c0000000,0x00000000ca633f10,0x00000000cb200000)
 Metaspace       used 104108K, committed 105664K, reserved 1179648K
  class space    used 10402K, committed 11136K, reserved 1048576K
}
Event: 2744.515 GC heap before
{Heap before GC invocations=9090 (full 220):
 PSYoungGen      total 4608K, used 4128K [0x00000000eab00000, 0x00000000eb200000, 0x0000000100000000)
  eden space 3584K, 100% used [0x00000000eab00000,0x00000000eae80000,0x00000000eae80000)
  from space 1024K, 53% used [0x00000000eb100000,0x00000000eb188000,0x00000000eb200000)
  to   space 1024K, 0% used [0x00000000eb000000,0x00000000eb000000,0x00000000eb100000)
 ParOldGen       total 182272K, used 170191K [0x00000000c0000000, 0x00000000cb200000, 0x00000000eab00000)
  object space 182272K, 93% used [0x00000000c0000000,0x00000000ca633f10,0x00000000cb200000)
 Metaspace       used 104108K, committed 105664K, reserved 1179648K
  class space    used 10402K, committed 11136K, reserved 1048576K
}
Event: 2744.516 GC heap after
{Heap after GC invocations=9090 (full 220):
 PSYoungGen      total 4096K, used 512K [0x00000000eab00000, 0x00000000eb180000, 0x0000000100000000)
  eden space 3584K, 0% used [0x00000000eab00000,0x00000000eab00000,0x00000000eae80000)
  from space 512K, 100% used [0x00000000eb000000,0x00000000eb080000,0x00000000eb080000)
  to   space 1024K, 0% used [0x00000000eb080000,0x00000000eb080000,0x00000000eb180000)
 ParOldGen       total 182272K, used 170556K [0x00000000c0000000, 0x00000000cb200000, 0x00000000eab00000)
  object space 182272K, 93% used [0x00000000c0000000,0x00000000ca68f110,0x00000000cb200000)
 Metaspace       used 104108K, committed 105664K, reserved 1179648K
  class space    used 10402K, committed 11136K, reserved 1048576K
}

Dll operation events (11 events):
Event: 0.009 Loaded shared library c:\Users\vinncett A\.vscode\extensions\redhat.java-1.21.0-win32-x64\jre\17.0.7-win32-x86_64\bin\java.dll
Event: 0.123 Loaded shared library c:\Users\vinncett A\.vscode\extensions\redhat.java-1.21.0-win32-x64\jre\17.0.7-win32-x86_64\bin\zip.dll
Event: 0.124 Loaded shared library C:\Users\vinncett A\.vscode\extensions\redhat.java-1.21.0-win32-x64\jre\17.0.7-win32-x86_64\bin\instrument.dll
Event: 0.141 Loaded shared library C:\Users\vinncett A\.vscode\extensions\redhat.java-1.21.0-win32-x64\jre\17.0.7-win32-x86_64\bin\net.dll
Event: 0.142 Loaded shared library C:\Users\vinncett A\.vscode\extensions\redhat.java-1.21.0-win32-x64\jre\17.0.7-win32-x86_64\bin\nio.dll
Event: 0.148 Loaded shared library C:\Users\vinncett A\.vscode\extensions\redhat.java-1.21.0-win32-x64\jre\17.0.7-win32-x86_64\bin\zip.dll
Event: 0.160 Loaded shared library C:\Users\vinncett A\.vscode\extensions\redhat.java-1.21.0-win32-x64\jre\17.0.7-win32-x86_64\bin\jimage.dll
Event: 0.203 Loaded shared library c:\Users\vinncett A\.vscode\extensions\redhat.java-1.21.0-win32-x64\jre\17.0.7-win32-x86_64\bin\verify.dll
Event: 2.458 Loaded shared library C:\Users\vinncett A\AppData\Roaming\Code\User\globalStorage\redhat.java\1.21.0\config_win\org.eclipse.equinox.launcher\org.eclipse.equinox.launcher.win32.win32.x86_64_1.2.700.v20221108-1024\eclipse_11801.dll
Event: 5.202 Loaded shared library C:\Users\vinncett A\AppData\Local\Temp\jna-1984948086\jna744993299288553381.dll
Event: 1494.199 Loaded shared library C:\Users\vinncett A\.vscode\extensions\redhat.java-1.21.0-win32-x64\jre\17.0.7-win32-x86_64\bin\sunmscapi.dll

Deoptimization events (20 events):
Event: 2738.661 Thread 0x000002d30fc39c90 Uncommon trap: trap_request=0xffffffc6 fr.pc=0x000002d308bb99b8 relative=0x0000000000000bb8
Event: 2738.661 Thread 0x000002d30fc39c90 Uncommon trap: reason=bimorphic_or_optimized_type_check action=maybe_recompile pc=0x000002d308bb99b8 method=org.eclipse.jdt.internal.codeassist.CompletionEngine.computeRelevanceForExpectingType([C[C)I @ 18 c2
Event: 2738.661 Thread 0x000002d30fc39c90 DEOPT PACKING pc=0x000002d308bb99b8 sp=0x000000d5a59fe700
Event: 2738.662 Thread 0x000002d30fc39c90 DEOPT UNPACKING pc=0x000002d3075866a3 sp=0x000000d5a59fe6d0 mode 2
Event: 2738.662 Thread 0x000002d30fc39c90 Uncommon trap: trap_request=0xffffffc6 fr.pc=0x000002d308bb99b8 relative=0x0000000000000bb8
Event: 2738.662 Thread 0x000002d30fc39c90 Uncommon trap: reason=bimorphic_or_optimized_type_check action=maybe_recompile pc=0x000002d308bb99b8 method=org.eclipse.jdt.internal.codeassist.CompletionEngine.computeRelevanceForExpectingType([C[C)I @ 18 c2
Event: 2738.662 Thread 0x000002d30fc39c90 DEOPT PACKING pc=0x000002d308bb99b8 sp=0x000000d5a59fe700
Event: 2738.662 Thread 0x000002d30fc39c90 DEOPT UNPACKING pc=0x000002d3075866a3 sp=0x000000d5a59fe6d0 mode 2
Event: 2738.662 Thread 0x000002d30fc39c90 Uncommon trap: trap_request=0xffffffc6 fr.pc=0x000002d308bb99b8 relative=0x0000000000000bb8
Event: 2738.662 Thread 0x000002d30fc39c90 Uncommon trap: reason=bimorphic_or_optimized_type_check action=maybe_recompile pc=0x000002d308bb99b8 method=org.eclipse.jdt.internal.codeassist.CompletionEngine.computeRelevanceForExpectingType([C[C)I @ 18 c2
Event: 2738.662 Thread 0x000002d30fc39c90 DEOPT PACKING pc=0x000002d308bb99b8 sp=0x000000d5a59fe700
Event: 2738.662 Thread 0x000002d30fc39c90 DEOPT UNPACKING pc=0x000002d3075866a3 sp=0x000000d5a59fe6d0 mode 2
Event: 2738.662 Thread 0x000002d30fc39c90 Uncommon trap: trap_request=0xffffffc6 fr.pc=0x000002d308bb99b8 relative=0x0000000000000bb8
Event: 2738.662 Thread 0x000002d30fc39c90 Uncommon trap: reason=bimorphic_or_optimized_type_check action=maybe_recompile pc=0x000002d308bb99b8 method=org.eclipse.jdt.internal.codeassist.CompletionEngine.computeRelevanceForExpectingType([C[C)I @ 18 c2
Event: 2738.662 Thread 0x000002d30fc39c90 DEOPT PACKING pc=0x000002d308bb99b8 sp=0x000000d5a59fe700
Event: 2738.662 Thread 0x000002d30fc39c90 DEOPT UNPACKING pc=0x000002d3075866a3 sp=0x000000d5a59fe6d0 mode 2
Event: 2739.063 Thread 0x000002d31425b4a0 Uncommon trap: trap_request=0xffffff45 fr.pc=0x000002d308e343c4 relative=0x0000000000001584
Event: 2739.063 Thread 0x000002d31425b4a0 Uncommon trap: reason=unstable_if action=reinterpret pc=0x000002d308e343c4 method=org.eclipse.jdt.core.dom.DefaultBindingResolver.internalGetTypeBinding(Lorg/eclipse/jdt/internal/compiler/lookup/TypeBinding;Lorg/eclipse/jdt/core/dom/IBinding;)Lorg/eclipse
Event: 2739.063 Thread 0x000002d31425b4a0 DEOPT PACKING pc=0x000002d308e343c4 sp=0x000000d5a5dfdfd0
Event: 2739.063 Thread 0x000002d31425b4a0 DEOPT UNPACKING pc=0x000002d3075866a3 sp=0x000000d5a5dfdfd0 mode 2

Classes unloaded (20 events):
Event: 2506.249 Thread 0x000002d374716240 Unloading class 0x0000000100a65c00 'java/lang/invoke/LambdaForm$MH+0x0000000100a65c00'
Event: 2506.249 Thread 0x000002d374716240 Unloading class 0x0000000100a65800 'java/lang/invoke/LambdaForm$MH+0x0000000100a65800'
Event: 2506.249 Thread 0x000002d374716240 Unloading class 0x0000000100a65400 'java/lang/invoke/LambdaForm$MH+0x0000000100a65400'
Event: 2506.249 Thread 0x000002d374716240 Unloading class 0x0000000100a65000 'java/lang/invoke/LambdaForm$MH+0x0000000100a65000'
Event: 2506.249 Thread 0x000002d374716240 Unloading class 0x0000000100a64c00 'java/lang/invoke/LambdaForm$MH+0x0000000100a64c00'
Event: 2506.249 Thread 0x000002d374716240 Unloading class 0x0000000100a64800 'java/lang/invoke/LambdaForm$MH+0x0000000100a64800'
Event: 2506.249 Thread 0x000002d374716240 Unloading class 0x0000000100a64400 'java/lang/invoke/LambdaForm$MH+0x0000000100a64400'
Event: 2506.249 Thread 0x000002d374716240 Unloading class 0x0000000100a64000 'java/lang/invoke/LambdaForm$MH+0x0000000100a64000'
Event: 2506.249 Thread 0x000002d374716240 Unloading class 0x0000000100a54800 'java/lang/invoke/LambdaForm$MH+0x0000000100a54800'
Event: 2506.249 Thread 0x000002d374716240 Unloading class 0x0000000100a54400 'java/lang/invoke/LambdaForm$MH+0x0000000100a54400'
Event: 2506.249 Thread 0x000002d374716240 Unloading class 0x0000000100a54000 'java/lang/invoke/LambdaForm$MH+0x0000000100a54000'
Event: 2506.249 Thread 0x000002d374716240 Unloading class 0x00000001009d1000 'jdk/internal/reflect/GeneratedConstructorAccessor58'
Event: 2506.249 Thread 0x000002d374716240 Unloading class 0x00000001009d0c00 'jdk/internal/reflect/GeneratedConstructorAccessor57'
Event: 2506.249 Thread 0x000002d374716240 Unloading class 0x00000001009d0800 'jdk/internal/reflect/GeneratedConstructorAccessor56'
Event: 2506.249 Thread 0x000002d374716240 Unloading class 0x00000001009d0400 'jdk/internal/reflect/GeneratedConstructorAccessor55'
Event: 2506.249 Thread 0x000002d374716240 Unloading class 0x00000001009b4000 'java/lang/invoke/LambdaForm$MH+0x00000001009b4000'
Event: 2506.249 Thread 0x000002d374716240 Unloading class 0x0000000100249800 'java/lang/invoke/LambdaForm$MH+0x0000000100249800'
Event: 2506.249 Thread 0x000002d374716240 Unloading class 0x0000000100249400 'java/lang/invoke/LambdaForm$MH+0x0000000100249400'
Event: 2506.249 Thread 0x000002d374716240 Unloading class 0x0000000100249000 'java/lang/invoke/LambdaForm$MH+0x0000000100249000'
Event: 2506.249 Thread 0x000002d374716240 Unloading class 0x000000010019cc00 'java/lang/invoke/LambdaForm$MH+0x000000010019cc00'

Classes redefined (0 events):
No events

Internal exceptions (20 events):
Event: 2673.969 Thread 0x000002d30fc397c0 Exception <a 'sun/nio/fs/WindowsException'{0x00000000ec8757a0}> (0x00000000ec8757a0) 
thrown [s\src\hotspot\share\prims\jni.cpp, line 516]
Event: 2674.118 Thread 0x000002d30fc397c0 Exception <a 'sun/nio/fs/WindowsException'{0x00000000ec5b3ee0}> (0x00000000ec5b3ee0) 
thrown [s\src\hotspot\share\prims\jni.cpp, line 516]
Event: 2678.059 Thread 0x000002d31353c670 Exception <a 'java/net/SocketException'{0x00000000ec178e70}: Socket is not connected: shutdown> (0x00000000ec178e70) 
thrown [s\src\hotspot\share\prims\jni.cpp, line 535]
Event: 2678.732 Thread 0x000002d311255d40 Exception <a 'sun/nio/fs/WindowsException'{0x00000000ebdd5340}> (0x00000000ebdd5340) 
thrown [s\src\hotspot\share\prims\jni.cpp, line 516]
Event: 2678.732 Thread 0x000002d311255d40 Exception <a 'sun/nio/fs/WindowsException'{0x00000000ebdd5650}> (0x00000000ebdd5650) 
thrown [s\src\hotspot\share\prims\jni.cpp, line 516]
Event: 2678.732 Thread 0x000002d311255d40 Exception <a 'sun/nio/fs/WindowsException'{0x00000000ebdd5fb8}> (0x00000000ebdd5fb8) 
thrown [s\src\hotspot\share\prims\jni.cpp, line 516]
Event: 2678.732 Thread 0x000002d311255d40 Exception <a 'sun/nio/fs/WindowsException'{0x00000000ebdd62a8}> (0x00000000ebdd62a8) 
thrown [s\src\hotspot\share\prims\jni.cpp, line 516]
Event: 2685.811 Thread 0x000002d31353c670 Implicit null exception at 0x000002d308f9e80f to 0x000002d308f9edb0
Event: 2697.387 Thread 0x000002d30fc392f0 Exception <a 'java/lang/ClassNotFoundException'{0x00000000eafbfb10}: sun/net/www/protocol/jdt/Handler> (0x00000000eafbfb10) 
thrown [s\src\hotspot\share\classfile\systemDictionary.cpp, line 256]
Event: 2697.387 Thread 0x000002d30fc392f0 Exception <a 'java/lang/ClassNotFoundException'{0x00000000eafc1ac8}: sun/net/www/protocol/jdt/Handler> (0x00000000eafc1ac8) 
thrown [s\src\hotspot\share\classfile\systemDictionary.cpp, line 256]
Event: 2698.523 Thread 0x000002d313540500 Implicit null exception at 0x000002d30862f045 to 0x000002d3086303ec
Event: 2703.506 Thread 0x000002d30fc392f0 Exception <a 'java/lang/ClassNotFoundException'{0x00000000eb0cdf08}: sun/net/www/protocol/jdt/Handler> (0x00000000eb0cdf08) 
thrown [s\src\hotspot\share\classfile\systemDictionary.cpp, line 256]
Event: 2703.506 Thread 0x000002d30fc392f0 Exception <a 'java/lang/ClassNotFoundException'{0x00000000eb0cfec0}: sun/net/www/protocol/jdt/Handler> (0x00000000eb0cfec0) 
thrown [s\src\hotspot\share\classfile\systemDictionary.cpp, line 256]
Event: 2703.528 Thread 0x000002d30fc392f0 Exception <a 'java/lang/ClassNotFoundException'{0x00000000eb158ea8}: sun/net/www/protocol/jdt/Handler> (0x00000000eb158ea8) 
thrown [s\src\hotspot\share\classfile\systemDictionary.cpp, line 256]
Event: 2703.528 Thread 0x000002d30fc392f0 Exception <a 'java/lang/ClassNotFoundException'{0x00000000eb16b0b0}: sun/net/www/protocol/jdt/Handler> (0x00000000eb16b0b0) 
thrown [s\src\hotspot\share\classfile\systemDictionary.cpp, line 256]
Event: 2713.592 Thread 0x000002d30fc392f0 Exception <a 'java/lang/ClassNotFoundException'{0x00000000eac848b0}: sun/net/www/protocol/jdt/Handler> (0x00000000eac848b0) 
thrown [s\src\hotspot\share\classfile\systemDictionary.cpp, line 256]
Event: 2713.592 Thread 0x000002d30fc392f0 Exception <a 'java/lang/ClassNotFoundException'{0x00000000eac86868}: sun/net/www/protocol/jdt/Handler> (0x00000000eac86868) 
thrown [s\src\hotspot\share\classfile\systemDictionary.cpp, line 256]
Event: 2737.506 Thread 0x000002d313542b80 Implicit null exception at 0x000002d3090747a8 to 0x000002d309076294
Event: 2737.506 Thread 0x000002d313542b80 Implicit null exception at 0x000002d30941c3d1 to 0x000002d30941efec
Event: 2737.510 Thread 0x000002d313542b80 Implicit null exception at 0x000002d3080b5896 to 0x000002d3080b8a30

VM Operations (20 events):
Event: 2744.399 Executing VM operation: ParallelGCFailedAllocation
Event: 2744.400 Executing VM operation: ParallelGCFailedAllocation done
Event: 2744.406 Executing VM operation: ParallelGCFailedAllocation
Event: 2744.407 Executing VM operation: ParallelGCFailedAllocation done
Event: 2744.412 Executing VM operation: ParallelGCFailedAllocation
Event: 2744.412 Executing VM operation: ParallelGCFailedAllocation done
Event: 2744.487 Executing VM operation: ParallelGCFailedAllocation
Event: 2744.488 Executing VM operation: ParallelGCFailedAllocation done
Event: 2744.492 Executing VM operation: ParallelGCFailedAllocation
Event: 2744.492 Executing VM operation: ParallelGCFailedAllocation done
Event: 2744.496 Executing VM operation: ParallelGCFailedAllocation
Event: 2744.496 Executing VM operation: ParallelGCFailedAllocation done
Event: 2744.501 Executing VM operation: ParallelGCFailedAllocation
Event: 2744.502 Executing VM operation: ParallelGCFailedAllocation done
Event: 2744.506 Executing VM operation: ParallelGCFailedAllocation
Event: 2744.507 Executing VM operation: ParallelGCFailedAllocation done
Event: 2744.511 Executing VM operation: ParallelGCFailedAllocation
Event: 2744.512 Executing VM operation: ParallelGCFailedAllocation done
Event: 2744.515 Executing VM operation: ParallelGCFailedAllocation
Event: 2744.516 Executing VM operation: ParallelGCFailedAllocation done

Events (20 events):
Event: 2716.633 Thread 0x000002d37e82cae0 flushing nmethod 0x000002d301c6c510
Event: 2716.634 Thread 0x000002d37e82cae0 flushing nmethod 0x000002d301de9c10
Event: 2716.634 Thread 0x000002d37e82cae0 flushing nmethod 0x000002d301e27610
Event: 2716.634 Thread 0x000002d37e82cae0 flushing nmethod 0x000002d301e45e10
Event: 2716.634 Thread 0x000002d37e82cae0 flushing nmethod 0x000002d301f25110
Event: 2716.634 Thread 0x000002d37e82cae0 flushing nmethod 0x000002d301f30690
Event: 2716.635 Thread 0x000002d37e82cae0 flushing nmethod 0x000002d30207eb10
Event: 2716.635 Thread 0x000002d37e82cae0 flushing nmethod 0x000002d3020e6f90
Event: 2716.635 Thread 0x000002d37e82cae0 flushing nmethod 0x000002d3021d1710
Event: 2716.636 Thread 0x000002d37e82cae0 flushing nmethod 0x000002d3024e2890
Event: 2716.637 Thread 0x000002d37e82cae0 flushing nmethod 0x000002d30259d490
Event: 2716.637 Thread 0x000002d37e82cae0 flushing nmethod 0x000002d3025a7e90
Event: 2716.638 Thread 0x000002d37e82cae0 flushing nmethod 0x000002d302976510
Event: 2716.639 Thread 0x000002d37e82cae0 flushing nmethod 0x000002d302c30d10
Event: 2716.639 Thread 0x000002d37e82cae0 flushing nmethod 0x000002d302c32c90
Event: 2716.639 Thread 0x000002d37e82cae0 flushing nmethod 0x000002d302c76390
Event: 2733.484 Thread 0x000002d311256bb0 Thread added: 0x000002d311256bb0
Event: 2733.484 Thread 0x000002d311256bb0 Thread exited: 0x000002d311256bb0
Event: 2733.541 Thread 0x000002d311254060 Thread added: 0x000002d311254060
Event: 2738.543 Thread 0x000002d311254060 Thread exited: 0x000002d311254060


Dynamic libraries:
0x00007ff6e76e0000 - 0x00007ff6e76ee000 	c:\Users\vinncett A\.vscode\extensions\redhat.java-1.21.0-win32-x64\jre\17.0.7-win32-x86_64\bin\java.exe
0x00007ffc2f4f0000 - 0x00007ffc2f704000 	C:\WINDOWS\SYSTEM32\ntdll.dll
0x00007ffc2e8e0000 - 0x00007ffc2e9a4000 	C:\WINDOWS\System32\KERNEL32.DLL
0x00007ffc2cde0000 - 0x00007ffc2d184000 	C:\WINDOWS\System32\KERNELBASE.dll
0x00007ffc2d190000 - 0x00007ffc2d2a1000 	C:\WINDOWS\System32\ucrtbase.dll
0x00007ffc05940000 - 0x00007ffc05957000 	c:\Users\vinncett A\.vscode\extensions\redhat.java-1.21.0-win32-x64\jre\17.0.7-win32-x86_64\bin\jli.dll
0x00007ffc04620000 - 0x00007ffc04639000 	c:\Users\vinncett A\.vscode\extensions\redhat.java-1.21.0-win32-x64\jre\17.0.7-win32-x86_64\bin\VCRUNTIME140.dll
0x00007ffc2df70000 - 0x00007ffc2e11a000 	C:\WINDOWS\System32\USER32.dll
0x00007ffc1bf00000 - 0x00007ffc1c18f000 	C:\WINDOWS\WinSxS\amd64_microsoft.windows.common-controls_6595b64144ccf1df_6.0.22621.2070_none_2713e6537381f706\COMCTL32.dll
0x00007ffc2ca60000 - 0x00007ffc2ca86000 	C:\WINDOWS\System32\win32u.dll
0x00007ffc2e2b0000 - 0x00007ffc2e357000 	C:\WINDOWS\System32\msvcrt.dll
0x00007ffc2f480000 - 0x00007ffc2f4a9000 	C:\WINDOWS\System32\GDI32.dll
0x00007ffc2c940000 - 0x00007ffc2ca59000 	C:\WINDOWS\System32\gdi32full.dll
0x00007ffc2cc00000 - 0x00007ffc2cc9a000 	C:\WINDOWS\System32\msvcp_win.dll
0x00007ffc2f0b0000 - 0x00007ffc2f0e1000 	C:\WINDOWS\System32\IMM32.DLL
0x00007ffc12c10000 - 0x00007ffc12c1c000 	c:\Users\vinncett A\.vscode\extensions\redhat.java-1.21.0-win32-x64\jre\17.0.7-win32-x86_64\bin\vcruntime140_1.dll
0x00007ffbd3220000 - 0x00007ffbd32b1000 	c:\Users\vinncett A\.vscode\extensions\redhat.java-1.21.0-win32-x64\jre\17.0.7-win32-x86_64\bin\msvcp140.dll
0x00007ffbcb5f0000 - 0x00007ffbcc238000 	c:\Users\vinncett A\.vscode\extensions\redhat.java-1.21.0-win32-x64\jre\17.0.7-win32-x86_64\bin\server\jvm.dll
0x00007ffc2ed80000 - 0x00007ffc2ee30000 	C:\WINDOWS\System32\ADVAPI32.dll
0x00007ffc2e120000 - 0x00007ffc2e1c6000 	C:\WINDOWS\System32\sechost.dll
0x00007ffc2dcb0000 - 0x00007ffc2ddc7000 	C:\WINDOWS\System32\RPCRT4.dll
0x00007ffc14ff0000 - 0x00007ffc14ff9000 	C:\WINDOWS\SYSTEM32\WSOCK32.dll
0x00007ffc2ecf0000 - 0x00007ffc2ed61000 	C:\WINDOWS\System32\WS2_32.dll
0x00007ffc20550000 - 0x00007ffc20584000 	C:\WINDOWS\SYSTEM32\WINMM.dll
0x00007ffc26940000 - 0x00007ffc2694a000 	C:\WINDOWS\SYSTEM32\VERSION.dll
0x00007ffc2b880000 - 0x00007ffc2b898000 	C:\WINDOWS\SYSTEM32\kernel.appcore.dll
0x00007ffc12a10000 - 0x00007ffc12a1a000 	c:\Users\vinncett A\.vscode\extensions\redhat.java-1.21.0-win32-x64\jre\17.0.7-win32-x86_64\bin\jimage.dll
0x00007ffc1f720000 - 0x00007ffc1f94e000 	C:\WINDOWS\SYSTEM32\DBGHELP.DLL
0x00007ffc2f0f0000 - 0x00007ffc2f47a000 	C:\WINDOWS\System32\combase.dll
0x00007ffc2e1d0000 - 0x00007ffc2e2a7000 	C:\WINDOWS\System32\OLEAUT32.dll
0x00007ffc1f5c0000 - 0x00007ffc1f5f2000 	C:\WINDOWS\SYSTEM32\dbgcore.DLL
0x00007ffc2cca0000 - 0x00007ffc2cd1a000 	C:\WINDOWS\System32\bcryptPrimitives.dll
0x00007ffc124a0000 - 0x00007ffc124ae000 	c:\Users\vinncett A\.vscode\extensions\redhat.java-1.21.0-win32-x64\jre\17.0.7-win32-x86_64\bin\instrument.dll
0x00007ffbe7f60000 - 0x00007ffbe7f85000 	c:\Users\vinncett A\.vscode\extensions\redhat.java-1.21.0-win32-x64\jre\17.0.7-win32-x86_64\bin\java.dll
0x00007ffc02390000 - 0x00007ffc023a8000 	c:\Users\vinncett A\.vscode\extensions\redhat.java-1.21.0-win32-x64\jre\17.0.7-win32-x86_64\bin\zip.dll
0x00007ffc2d2b0000 - 0x00007ffc2dac6000 	C:\WINDOWS\System32\SHELL32.dll
0x00007ffc2a850000 - 0x00007ffc2b13a000 	C:\WINDOWS\SYSTEM32\windows.storage.dll
0x00007ffc2a710000 - 0x00007ffc2a84e000 	C:\WINDOWS\SYSTEM32\wintypes.dll
0x00007ffc2ef50000 - 0x00007ffc2f043000 	C:\WINDOWS\System32\SHCORE.dll
0x00007ffc2eef0000 - 0x00007ffc2ef4e000 	C:\WINDOWS\System32\shlwapi.dll
0x00007ffc2c800000 - 0x00007ffc2c826000 	C:\WINDOWS\SYSTEM32\profapi.dll
0x00007ffbf4970000 - 0x00007ffbf4989000 	C:\Users\vinncett A\.vscode\extensions\redhat.java-1.21.0-win32-x64\jre\17.0.7-win32-x86_64\bin\net.dll
0x00007ffc267d0000 - 0x00007ffc26907000 	C:\WINDOWS\SYSTEM32\WINHTTP.dll
0x00007ffc2bd40000 - 0x00007ffc2bda9000 	C:\WINDOWS\system32\mswsock.dll
0x00007ffbefea0000 - 0x00007ffbefeb5000 	C:\Users\vinncett A\.vscode\extensions\redhat.java-1.21.0-win32-x64\jre\17.0.7-win32-x86_64\bin\nio.dll
0x00007ffc06d80000 - 0x00007ffc06d90000 	c:\Users\vinncett A\.vscode\extensions\redhat.java-1.21.0-win32-x64\jre\17.0.7-win32-x86_64\bin\verify.dll
0x00007ffc059f0000 - 0x00007ffc05a2e000 	C:\Users\vinncett A\AppData\Roaming\Code\User\globalStorage\redhat.java\1.21.0\config_win\org.eclipse.equinox.launcher\org.eclipse.equinox.launcher.win32.win32.x86_64_1.2.700.v20221108-1024\eclipse_11801.dll
0x00007ffc2dad0000 - 0x00007ffc2dc6c000 	C:\WINDOWS\System32\ole32.dll
0x00007ffc2c0d0000 - 0x00007ffc2c0eb000 	C:\WINDOWS\SYSTEM32\CRYPTSP.dll
0x00007ffc2b840000 - 0x00007ffc2b875000 	C:\WINDOWS\system32\rsaenh.dll
0x00007ffc2bde0000 - 0x00007ffc2be0c000 	C:\WINDOWS\SYSTEM32\USERENV.dll
0x00007ffc2c270000 - 0x00007ffc2c298000 	C:\WINDOWS\SYSTEM32\bcrypt.dll
0x00007ffc2c040000 - 0x00007ffc2c04c000 	C:\WINDOWS\SYSTEM32\CRYPTBASE.dll
0x00007ffc2b3e0000 - 0x00007ffc2b40d000 	C:\WINDOWS\SYSTEM32\IPHLPAPI.DLL
0x00007ffc2dc70000 - 0x00007ffc2dc79000 	C:\WINDOWS\System32\NSI.dll
0x00007ffc26950000 - 0x00007ffc26969000 	C:\WINDOWS\SYSTEM32\dhcpcsvc6.DLL
0x00007ffc267b0000 - 0x00007ffc267cf000 	C:\WINDOWS\SYSTEM32\dhcpcsvc.DLL
0x00007ffc2b460000 - 0x00007ffc2b553000 	C:\WINDOWS\SYSTEM32\DNSAPI.dll
0x00007ffbeeaf0000 - 0x00007ffbeeb35000 	C:\Users\vinncett A\AppData\Local\Temp\jna-1984948086\jna744993299288553381.dll
0x00007ffc2eee0000 - 0x00007ffc2eee8000 	C:\WINDOWS\System32\PSAPI.DLL
0x00007ffc23880000 - 0x00007ffc2388a000 	C:\Windows\System32\rasadhlp.dll
0x00007ffc264c0000 - 0x00007ffc26544000 	C:\WINDOWS\System32\fwpuclnt.dll
0x00007ffc29530000 - 0x00007ffc2953e000 	C:\Users\vinncett A\.vscode\extensions\redhat.java-1.21.0-win32-x64\jre\17.0.7-win32-x86_64\bin\sunmscapi.dll
0x00007ffc2ca90000 - 0x00007ffc2cbf7000 	C:\WINDOWS\System32\CRYPT32.dll
0x00007ffc2c240000 - 0x00007ffc2c26e000 	C:\WINDOWS\SYSTEM32\ncrypt.dll
0x00007ffc2c200000 - 0x00007ffc2c237000 	C:\WINDOWS\SYSTEM32\NTASN1.dll
0x00007ffc12b00000 - 0x00007ffc12b08000 	C:\WINDOWS\system32\wshunix.dll
0x00007ffc2b8f0000 - 0x00007ffc2b924000 	C:\WINDOWS\SYSTEM32\ntmarta.dll

dbghelp: loaded successfully - version: 4.0.5 - missing functions: none
symbol engine: initialized successfully - sym options: 0x614 - pdb path: .;c:\Users\vinncett A\.vscode\extensions\redhat.java-1.21.0-win32-x64\jre\17.0.7-win32-x86_64\bin;C:\WINDOWS\SYSTEM32;C:\WINDOWS\WinSxS\amd64_microsoft.windows.common-controls_6595b64144ccf1df_6.0.22621.2070_none_2713e6537381f706;c:\Users\vinncett A\.vscode\extensions\redhat.java-1.21.0-win32-x64\jre\17.0.7-win32-x86_64\bin\server;C:\Users\vinncett A\AppData\Roaming\Code\User\globalStorage\redhat.java\1.21.0\config_win\org.eclipse.equinox.launcher\org.eclipse.equinox.launcher.win32.win32.x86_64_1.2.700.v20221108-1024;C:\Users\vinncett A\AppData\Local\Temp\jna-1984948086

VM Arguments:
jvm_args: --add-modules=ALL-SYSTEM --add-opens=java.base/java.util=ALL-UNNAMED --add-opens=java.base/java.lang=ALL-UNNAMED --add-opens=java.base/sun.nio.fs=ALL-UNNAMED -Declipse.application=org.eclipse.jdt.ls.core.id1 -Dosgi.bundles.defaultStartLevel=4 -Declipse.product=org.eclipse.jdt.ls.core.product -Djava.import.generatesMetadataFilesAtProjectRoot=false -Dfile.encoding=utf8 -XX:+UseParallelGC -XX:GCTimeRatio=4 -XX:AdaptiveSizePolicyWeight=90 -Dsun.zip.disableMemoryMapping=true -Xmx1G -Xms100m -Xlog:disable -javaagent:c:\Users\vinncett A\.vscode\extensions\redhat.java-1.21.0-win32-x64\lombok\lombok-1.18.28.jar -XX:+HeapDumpOnOutOfMemoryError -XX:HeapDumpPath=c:\Users\vinncett A\AppData\Roaming\Code\User\workspaceStorage\2dba8426623bdea2f7c74fd73537c769\redhat.java -Daether.dependencyCollector.impl=bf 
java_command: c:\Users\vinncett A\.vscode\extensions\redhat.java-1.21.0-win32-x64\server\plugins\org.eclipse.equinox.launcher_1.6.500.v20230717-2134.jar -configuration c:\Users\vinncett A\AppData\Roaming\Code\User\globalStorage\redhat.java\1.21.0\config_win -data c:\Users\vinncett A\AppData\Roaming\Code\User\workspaceStorage\2dba8426623bdea2f7c74fd73537c769\redhat.java\jdt_ws
java_class_path (initial): c:\Users\vinncett A\.vscode\extensions\redhat.java-1.21.0-win32-x64\server\plugins\org.eclipse.equinox.launcher_1.6.500.v20230717-2134.jar
Launcher Type: SUN_STANDARD

[Global flags]
    uintx AdaptiveSizePolicyWeight                 = 90                                        {product} {command line}
     intx CICompilerCount                          = 4                                         {product} {ergonomic}
    uintx GCTimeRatio                              = 4                                         {product} {command line}
     bool HeapDumpOnOutOfMemoryError               = true                                   {manageable} {command line}
    ccstr HeapDumpPath                             = c:\Users\vinncett A\AppData\Roaming\Code\User\workspaceStorage\2dba8426623bdea2f7c74fd73537c769\redhat.java         {manageable} {command line}
   size_t InitialHeapSize                          = 104857600                                 {product} {command line}
   size_t MaxHeapSize                              = 1073741824                                {product} {command line}
   size_t MaxNewSize                               = 357564416                                 {product} {ergonomic}
   size_t MinHeapDeltaBytes                        = 524288                                    {product} {ergonomic}
   size_t MinHeapSize                              = 104857600                                 {product} {command line}
   size_t NewSize                                  = 34603008                                  {product} {ergonomic}
    uintx NonNMethodCodeHeapSize                   = 5839372                                {pd product} {ergonomic}
    uintx NonProfiledCodeHeapSize                  = 122909434                              {pd product} {ergonomic}
   size_t OldSize                                  = 70254592                                  {product} {ergonomic}
    uintx ProfiledCodeHeapSize                     = 122909434                              {pd product} {ergonomic}
    uintx ReservedCodeCacheSize                    = 251658240                              {pd product} {ergonomic}
     bool SegmentedCodeCache                       = true                                      {product} {ergonomic}
   size_t SoftMaxHeapSize                          = 1073741824                             {manageable} {ergonomic}
     bool UseCompressedClassPointers               = true                           {product lp64_product} {ergonomic}
     bool UseCompressedOops                        = true                           {product lp64_product} {ergonomic}
     bool UseLargePagesIndividualAllocation        = false                                  {pd product} {ergonomic}
     bool UseParallelGC                            = true                                      {product} {command line}

Logging:
Log output configuration:
 #0: stdout all=off uptime,level,tags
 #1: stderr all=off uptime,level,tags

Environment Variables:
JAVA_HOME=C:\Users\vinncett A\AppData\Local\Programs\Eclipse Adoptium\jdk-17.0.4.101-hotspot\
PATH=C:\Program Files (x86)\Common Files\Intel\Shared Libraries\redist\intel64_win\compiler;C:\WINDOWS\system32;C:\WINDOWS;C:\WINDOWS\System32\Wbem;C:\WINDOWS\System32\WindowsPowerShell\v1.0\;C:\WINDOWS\System32\OpenSSH\;C:\Program Files\Git\cmd;C:\Program Files\dotnet\;C:\Program Files (x86)\NVIDIA Corporation\PhysX\Common;C:\Program Files\NVIDIA Corporation\NVIDIA NvDLISR;C:\Program Files\Docker\Docker\resources\bin;C:\Program Files\nodejs\;C:\Users\vinncett A\AppData\Local\Programs\Eclipse Adoptium\jdk-17.0.4.101-hotspot\bin;C:\Users\vinncett A\AppData\Local\Microsoft\WindowsApps;C:\Users\vinncett A\AppData\Local\Programs\Microsoft VS Code\bin;D:\kotlinc\bin;C:\Users\vinncett A\AppData\Roaming\npm
USERNAME=vinncett A
OS=Windows_NT
PROCESSOR_IDENTIFIER=AMD64 Family 23 Model 113 Stepping 0, AuthenticAMD
TMP=C:\Users\VINNCE~1\AppData\Local\Temp
TEMP=C:\Users\VINNCE~1\AppData\Local\Temp



---------------  S Y S T E M  ---------------

OS:
 Windows 11 , 64 bit Build 22621 (10.0.22621.2070)
OS uptime: 3 days 12:51 hours
Hyper-V role detected

CPU: total 12 (initial active 12) (12 cores per cpu, 2 threads per core) family 23 model 113 stepping 0 microcode 0x0, cx8, cmov, fxsr, ht, mmx, 3dnowpref, sse, sse2, sse3, ssse3, sse4a, sse4.1, sse4.2, popcnt, lzcnt, tsc, tscinvbit, avx, avx2, aes, clmul, bmi1, bmi2, adx, sha, fma, vzeroupper, clflush, clflushopt, hv

Memory: 4k page, system-wide physical 16286M (7004M free)
TotalPageFile size 17310M (AvailPageFile size 4382M)
current process WorkingSet (physical memory assigned to process): 525M, peak: 615M
current process commit charge ("private bytes"): 551M, peak: 677M

vm_info: OpenJDK 64-Bit Server VM (17.0.7+7) for windows-amd64 JRE (17.0.7+7), built on Apr 18 2023 22:10:42 by "temurin" with MS VC++ 16.7 (VS2019)

END.
